\BOOKMARK [1][-]{section.1}{Shor's\040Algorithm}{}% 1
\BOOKMARK [2][-]{subsection.1.1}{Abstract}{section.1}% 2
\BOOKMARK [2][-]{subsection.1.2}{Introduction}{section.1}% 3
\BOOKMARK [2][-]{subsection.1.3}{Implementation}{section.1}% 4
\BOOKMARK [3][-]{subsubsection.1.3.1}{Period\040Finding}{subsection.1.3}% 5
\BOOKMARK [3][-]{subsubsection.1.3.2}{Using\040Period\040Finding\040Machine\040to\040Find\040Prime\040Factors}{subsection.1.3}% 6
\BOOKMARK [3][-]{subsubsection.1.3.3}{Using\040a\040Quantum\040Computer\040to\040Simulate\040Period\040Finding\040Machine}{subsection.1.3}% 7
\BOOKMARK [3][-]{subsubsection.1.3.4}{Quantum\040Circuit\040for\040Modular\040Multiplication}{subsection.1.3}% 8
\BOOKMARK [3][-]{subsubsection.1.3.5}{IBM\040Quantum\040Experience}{subsection.1.3}% 9
\BOOKMARK [2][-]{subsection.1.4}{Results}{section.1}% 10
\BOOKMARK [2][-]{subsection.1.5}{Extensions}{section.1}% 11
\BOOKMARK [2][-]{subsection.1.6}{Conclusion}{section.1}% 12
\BOOKMARK [2][-]{subsection.1.7}{Works\040Cited}{section.1}% 13
\BOOKMARK [2][-]{subsection.1.8}{Appendix}{section.1}% 14
\BOOKMARK [3][-]{subsubsection.1.8.1}{GitHub}{subsection.1.8}% 15
\BOOKMARK [3][-]{subsubsection.1.8.2}{QuantumCircuits.py}{subsection.1.8}% 16
\BOOKMARK [3][-]{subsubsection.1.8.3}{QConfig.py}{subsection.1.8}% 17
\BOOKMARK [3][-]{subsubsection.1.8.4}{Runner.py}{subsection.1.8}% 18
\BOOKMARK [3][-]{subsubsection.1.8.5}{ExperimentUtils.py}{subsection.1.8}% 19
\BOOKMARK [3][-]{subsubsection.1.8.6}{SignalUtils.py}{subsection.1.8}% 20
\BOOKMARK [3][-]{subsubsection.1.8.7}{PrintUtils.py}{subsection.1.8}% 21
\BOOKMARK [3][-]{subsubsection.1.8.8}{BenchmarkRunner.py}{subsection.1.8}% 22
\BOOKMARK [3][-]{subsubsection.1.8.9}{CsvDataWriter.py}{subsection.1.8}% 23
\BOOKMARK [3][-]{subsubsection.1.8.10}{BenchmarkPlotter.py\040and\040Generated\040Graph}{subsection.1.8}% 24
